<?xml version="1.0" encoding="UTF-8"?>
<testng-results skipped="0" failed="0" ignored="0" total="1" passed="1">
  <reporter-output>
  </reporter-output>
  <suite name="Default suite" duration-ms="53" started-at="2018-09-06T06:36:39Z" finished-at="2018-09-06T06:36:39Z">
    <groups>
    </groups>
    <test name="Default test" duration-ms="53" started-at="2018-09-06T06:36:39Z" finished-at="2018-09-06T06:36:39Z">
      <class name="testsuites.DraggableTest">
        <test-method status="PASS" signature="drag()[pri:0, instance:testsuites.DraggableTest@14acaea5]" name="drag" duration-ms="15" started-at="2018-09-06T06:36:39Z" finished-at="2018-09-06T06:36:39Z">
          <reporter-output>
          </reporter-output>
        </test-method> <!-- drag -->
      </class> <!-- testsuites.DraggableTest -->
    </test> <!-- Default test -->
  </suite> <!-- Default suite -->
</testng-results>
